<?xml version="1.0" encoding="UTF-8"?>
<!-- Generated by org.testng.reporters.JUnitXMLReporter -->
<testsuite hostname="DESKTOP-9FB91S6" ignored="0" name="Default test" tests="3" failures="0" timestamp="2021-02-11T19:30:07 IST" time="46.813" errors="0">
  <testcase name="homePage" time="17.886" classname="testCases.homePageTest"/>
  <testcase name="uitest" time="7.422" classname="testCases.homePageTest"/>
  <testcase name="footerlinks" time="13.665" classname="testCases.homePageTest"/>
</testsuite> <!-- Default test -->
