<?xml version="1.0" encoding="UTF-8"?>
<!-- Generated by org.testng.reporters.JUnitXMLReporter -->
<testsuite hostname="DESKTOP-9FB91S6" ignored="0" name="Default test" tests="3" failures="0" timestamp="2021-02-23T18:57:44 IST" time="55.081" errors="0">
  <testcase name="homePage" time="15.583" classname="testCases.homePageTest"/>
  <testcase name="uitest" time="10.311" classname="testCases.homePageTest"/>
  <testcase name="footerlinks" time="20.216" classname="testCases.homePageTest"/>
</testsuite> <!-- Default test -->
