<?xml version="1.0" encoding="UTF-8"?>
<!-- Generated by org.testng.reporters.JUnitXMLReporter -->
<testsuite hostname="DESKTOP-9FB91S6" ignored="0" name="Test" tests="3" failures="0" timestamp="2021-02-12T17:31:37 IST" time="41.628" errors="0">
  <testcase name="homePage" time="14.281" classname="testCases.homePageTest"/>
  <testcase name="uitest" time="6.099" classname="testCases.homePageTest"/>
  <testcase name="footerlinks" time="11.144" classname="testCases.homePageTest"/>
</testsuite> <!-- Test -->
